[debug] [2022-11-17T21:57:40.731Z] ----------------------------------------------------------------------
[debug] [2022-11-17T21:57:40.732Z] Command:       /usr/local/bin/node /usr/local/bin/firebase init
[debug] [2022-11-17T21:57:40.732Z] CLI Version:   11.16.1
[debug] [2022-11-17T21:57:40.732Z] Platform:      darwin
[debug] [2022-11-17T21:57:40.732Z] Node Version:  v16.15.0
[debug] [2022-11-17T21:57:40.733Z] Time:          Thu Nov 17 2022 16:57:40 GMT-0500 (Eastern Standard Time)
[debug] [2022-11-17T21:57:40.733Z] ----------------------------------------------------------------------
[debug] 
[debug] [2022-11-17T21:57:40.736Z] > command requires scopes: ["email","openid","https://www.googleapis.com/auth/cloudplatformprojects.readonly","https://www.googleapis.com/auth/firebase","https://www.googleapis.com/auth/cloud-platform"]
[debug] [2022-11-17T21:57:40.736Z] > authorizing via signed-in user (sdeveloper444@gmail.com)
[info] 
     ######## #### ########  ######## ########     ###     ######  ########
     ##        ##  ##     ## ##       ##     ##  ##   ##  ##       ##
     ######    ##  ########  ######   ########  #########  ######  ######
     ##        ##  ##    ##  ##       ##     ## ##     ##       ## ##
     ##       #### ##     ## ######## ########  ##     ##  ######  ########

You're about to initialize a Firebase project in this directory:

  /Users/michaelkleyman/Senior Phase Projects/PWA-app/my-app

[info] 
=== Project Setup
[info] 
[info] First, let's associate this project directory with a Firebase project.
[info] You can create multiple project aliases by running firebase use --add, 
[info] but for now we'll just set up a default project.
[info] 
[debug] [2022-11-17T21:57:57.349Z] >>> [apiv2][query] GET https://firebase.googleapis.com/v1beta1/projects pageSize=100
[debug] [2022-11-17T21:57:57.821Z] <<< [apiv2][status] GET https://firebase.googleapis.com/v1beta1/projects 200
[debug] [2022-11-17T21:57:57.821Z] <<< [apiv2][body] GET https://firebase.googleapis.com/v1beta1/projects [omitted]
[info] i  Using project pea-app-efaf0 (pea-app) 
[info] 
=== Hosting Setup
[info] 
[info] Your public directory is the folder (relative to your project directory) that
[info] will contain Hosting assets to be uploaded with firebase deploy. If you
[info] have a build process for your assets, use your build's output directory.
[info] 
[debug] [2022-11-17T21:58:40.580Z] >>> [apiv2][query] GET https://www.gstatic.com/firebasejs/releases.json [none]
[debug] [2022-11-17T21:58:40.655Z] <<< [apiv2][status] GET https://www.gstatic.com/firebasejs/releases.json 200
[debug] [2022-11-17T21:58:40.655Z] <<< [apiv2][body] GET https://www.gstatic.com/firebasejs/releases.json {"current":{"version":"9.14.0","browserURL":"https://www.gstatic.com/firebasejs/9.14.0/firebase.js","packageURL":"https://www.gstatic.com/firebasejs/9.14.0/firebase.tgz"},"live":{"version":"9.14","browserURL":"https://www.gstatic.com/firebasejs/live/9.14/firebase.js","packageURL":"https://www.gstatic.com/firebasejs/live/9.14/firebase.tgz"},"components":{"analytics":"https://www.gstatic.com/firebasejs/9.14.0/firebase-analytics.js","app":"https://www.gstatic.com/firebasejs/9.14.0/firebase-app.js","app-check":"https://www.gstatic.com/firebasejs/9.14.0/firebase-app-check.js","auth":"https://www.gstatic.com/firebasejs/9.14.0/firebase-auth.js","auth/cordova":"https://www.gstatic.com/firebasejs/9.14.0/firebase-auth/cordova.js","auth/react-native":"https://www.gstatic.com/firebasejs/9.14.0/firebase-auth/react-native.js","functions":"https://www.gstatic.com/firebasejs/9.14.0/firebase-functions.js","firestore":"https://www.gstatic.com/firebasejs/9.14.0/firebase-firestore.js","firestore/lite":"https://www.gstatic.com/firebasejs/9.14.0/firebase-firestore/lite.js","installations":"https://www.gstatic.com/firebasejs/9.14.0/firebase-installations.js","storage":"https://www.gstatic.com/firebasejs/9.14.0/firebase-storage.js","performance":"https://www.gstatic.com/firebasejs/9.14.0/firebase-performance.js","remote-config":"https://www.gstatic.com/firebasejs/9.14.0/firebase-remote-config.js","messaging":"https://www.gstatic.com/firebasejs/9.14.0/firebase-messaging.js","messaging/sw":"https://www.gstatic.com/firebasejs/9.14.0/firebase-messaging/sw.js","database":"https://www.gstatic.com/firebasejs/9.14.0/firebase-database.js","firestore.memory":"https://www.gstatic.com/firebasejs/9.14.0/firebase-firestore.memory.js"}}
[info] i  Skipping write of build/index.html 
[info] 
[info] i  Detected a .git folder at /Users/michaelkleyman/Senior Phase Projects/PWA-app 
[info] i  Authorizing with GitHub to upload your service account to a GitHub repository's secrets store. 
[info] 
[info] Visit this URL on this device to log in:
[info] https://github.com/login/oauth/authorize?client_id=89cf50f02ac6aaed3484&state=740218217&redirect_uri=http%3A%2F%2Flocalhost%3A9005&scope=read%3Auser%20repo%20public_repo
[info] 
[info] Waiting for authentication...
[debug] [2022-11-17T21:59:43.616Z] >>> [apiv2][query] POST https://github.com/login/oauth/access_token [none]
[debug] [2022-11-17T21:59:43.617Z] >>> [apiv2][body] POST https://github.com/login/oauth/access_token [stream]
[debug] [2022-11-17T21:59:43.839Z] <<< [apiv2][status] POST https://github.com/login/oauth/access_token 200
[debug] [2022-11-17T21:59:43.839Z] <<< [apiv2][body] POST https://github.com/login/oauth/access_token {"access_token":"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","token_type":"bearer","scope":"read:user,repo"}
[debug] [2022-11-17T21:59:43.843Z] >>> [apiv2][query] GET https://api.github.com/user [none]
[debug] [2022-11-17T21:59:44.138Z] <<< [apiv2][status] GET https://api.github.com/user 200
[debug] [2022-11-17T21:59:44.138Z] <<< [apiv2][body] GET https://api.github.com/user {"login":"MichaelKleyman","id":100313713,"node_id":"U_kgDOBfqqcQ","avatar_url":"https://avatars.githubusercontent.com/u/100313713?v=4","gravatar_id":"","url":"https://api.github.com/users/MichaelKleyman","html_url":"https://github.com/MichaelKleyman","followers_url":"https://api.github.com/users/MichaelKleyman/followers","following_url":"https://api.github.com/users/MichaelKleyman/following{/other_user}","gists_url":"https://api.github.com/users/MichaelKleyman/gists{/gist_id}","starred_url":"https://api.github.com/users/MichaelKleyman/starred{/owner}{/repo}","subscriptions_url":"https://api.github.com/users/MichaelKleyman/subscriptions","organizations_url":"https://api.github.com/users/MichaelKleyman/orgs","repos_url":"https://api.github.com/users/MichaelKleyman/repos","events_url":"https://api.github.com/users/MichaelKleyman/events{/privacy}","received_events_url":"https://api.github.com/users/MichaelKleyman/received_events","type":"User","site_admin":false,"name":"Michael Kleyman ","company":null,"blog":"https://www.linkedin.com/in/michael-kleyman-b02193141/","location":"New York City","email":null,"hireable":null,"bio":"- Continuously building my skillset in coding. My current projects are in HTML/CSS/Javascript/Python, to document my progress and store my work.\r\n","twitter_username":null,"public_repos":37,"public_gists":0,"followers":1,"following":3,"created_at":"2022-02-23T19:27:04Z","updated_at":"2022-09-20T15:54:23Z","private_gists":0,"total_private_repos":49,"owned_private_repos":0,"disk_usage":4709,"collaborators":0,"two_factor_authentication":false,"plan":{"name":"free","space":976562499,"collaborators":0,"private_repos":10000}}
[info] 
[info] ✔  Success! Logged into GitHub as MichaelKleyman 
[info] 
